[0m[32mCheck[0m supabase/functions/coffee-api/index.ts
[0m[1mTS2307 [0m[ERROR]: Import "zod" not a dependency
  [0m[36mhint:[0m If you want to use the npm package, try running `deno add npm:zod`
    at [0m[36mfile:///Users/kimi/Library/Mobile%20Documents/com~apple~CloudDocs/%E5%92%96%E5%95%A1%E8%A8%82%E8%B3%BC/supabase/functions/coffee-api/utils/validate.ts[0m:[0m[33m1[0m:[0m[33m19[0m

[0m[1mTS2307 [0m[ERROR]: Import "zod" not a dependency
  [0m[36mhint:[0m If you want to use the npm package, try running `deno add npm:zod`
    at [0m[36mfile:///Users/kimi/Library/Mobile%20Documents/com~apple~CloudDocs/%E5%92%96%E5%95%A1%E8%A8%82%E8%B3%BC/supabase/functions/coffee-api/schemas/auth.ts[0m:[0m[33m1[0m:[0m[33m19[0m

[0m[1mTS2307 [0m[ERROR]: Import "zod" not a dependency
  [0m[36mhint:[0m If you want to use the npm package, try running `deno add npm:zod`
    at [0m[36mfile:///Users/kimi/Library/Mobile%20Documents/com~apple~CloudDocs/%E5%92%96%E5%95%A1%E8%A8%82%E8%B3%BC/supabase/functions/coffee-api/schemas/order.ts[0m:[0m[33m1[0m:[0m[33m19[0m

[0m[1mTS2307 [0m[ERROR]: Import "zod" not a dependency
  [0m[36mhint:[0m If you want to use the npm package, try running `deno add npm:zod`
    at [0m[36mfile:///Users/kimi/Library/Mobile%20Documents/com~apple~CloudDocs/%E5%92%96%E5%95%A1%E8%A8%82%E8%B3%BC/supabase/functions/coffee-api/schemas/profile.ts[0m:[0m[33m1[0m:[0m[33m19[0m

[0m[1mTS2307 [0m[ERROR]: Import "zod" not a dependency
  [0m[36mhint:[0m If you want to use the npm package, try running `deno add npm:zod`
    at [0m[36mfile:///Users/kimi/Library/Mobile%20Documents/com~apple~CloudDocs/%E5%92%96%E5%95%A1%E8%A8%82%E8%B3%BC/supabase/functions/coffee-api/schemas/settings.ts[0m:[0m[33m2[0m:[0m[33m19[0m

[0m[1mTS2307 [0m[ERROR]: Import "zod" not a dependency
  [0m[36mhint:[0m If you want to use the npm package, try running `deno add npm:zod`
    at [0m[36mfile:///Users/kimi/Library/Mobile%20Documents/com~apple~CloudDocs/%E5%92%96%E5%95%A1%E8%A8%82%E8%B3%BC/supabase/functions/coffee-api/schemas/users.ts[0m:[0m[33m1[0m:[0m[33m19[0m

[0m[1mTS2307 [0m[ERROR]: Import "supabase-js" not a dependency
  [0m[36mhint:[0m If you want to use the npm package, try running `deno add npm:supabase-js`
    at [0m[36mfile:///Users/kimi/Library/Mobile%20Documents/com~apple~CloudDocs/%E5%92%96%E5%95%A1%E8%A8%82%E8%B3%BC/supabase/functions/coffee-api/utils/supabase.ts[0m:[0m[33m3[0m:[0m[33m30[0m

[0m[1mTS2307 [0m[ERROR]: Cannot find module 'nodemailer'.
    at [0m[36mfile:///Users/kimi/Library/Mobile%20Documents/com~apple~CloudDocs/%E5%92%96%E5%95%A1%E8%A8%82%E8%B3%BC/supabase/functions/coffee-api/utils/email.ts[0m:[0m[33m2[0m:[0m[33m24[0m

[0m[1mTS7006 [0m[ERROR]: Parameter 'prm' implicitly has an 'any' type.
  const activePromos = (promotionsRaw || []).filter((prm) =>
[0m[31m                                                     ~~~[0m
    at [0m[36mfile:///Users/kimi/Library/Mobile%20Documents/com~apple~CloudDocs/%E5%92%96%E5%95%A1%E8%A8%82%E8%B3%BC/supabase/functions/coffee-api/api/quote.ts[0m:[0m[33m332[0m:[0m[33m54[0m

[0m[1mTS7006 [0m[ERROR]: Parameter 'v' implicitly has an 'any' type.
const optionalTrimmed = z.string().optional().transform((v) =>
[0m[31m                                                         ^[0m
    at [0m[36mfile:///Users/kimi/Library/Mobile%20Documents/com~apple~CloudDocs/%E5%92%96%E5%95%A1%E8%A8%82%E8%B3%BC/supabase/functions/coffee-api/schemas/profile.ts[0m:[0m[33m3[0m:[0m[33m58[0m

[0m[1mTS7006 [0m[ERROR]: Parameter 'data' implicitly has an 'any' type.
}).refine((data) => Object.keys(data).length > 0, {
[0m[31m           ~~~~[0m
    at [0m[36mfile:///Users/kimi/Library/Mobile%20Documents/com~apple~CloudDocs/%E5%92%96%E5%95%A1%E8%A8%82%E8%B3%BC/supabase/functions/coffee-api/schemas/profile.ts[0m:[0m[33m22[0m:[0m[33m12[0m

[0m[1mTS7006 [0m[ERROR]: Parameter 'v' implicitly has an 'any' type.
const optionalTrimmed = z.string().optional().transform((v) =>
[0m[31m                                                         ^[0m
    at [0m[36mfile:///Users/kimi/Library/Mobile%20Documents/com~apple~CloudDocs/%E5%92%96%E5%95%A1%E8%A8%82%E8%B3%BC/supabase/functions/coffee-api/schemas/settings.ts[0m:[0m[33m5[0m:[0m[33m58[0m

[0m[1mTS7006 [0m[ERROR]: Parameter 'v' implicitly has an 'any' type.
  .optional().transform((v) => {
[0m[31m                         ^[0m
    at [0m[36mfile:///Users/kimi/Library/Mobile%20Documents/com~apple~CloudDocs/%E5%92%96%E5%95%A1%E8%A8%82%E8%B3%BC/supabase/functions/coffee-api/schemas/settings.ts[0m:[0m[33m9[0m:[0m[33m26[0m

[0m[1mTS7006 [0m[ERROR]: Parameter 'v' implicitly has an 'any' type.
  z.union([z.string(), z.number(), z.boolean(), z.null()]).transform((v) =>
[0m[31m                                                                      ^[0m
    at [0m[36mfile:///Users/kimi/Library/Mobile%20Documents/com~apple~CloudDocs/%E5%92%96%E5%95%A1%E8%A8%82%E8%B3%BC/supabase/functions/coffee-api/schemas/settings.ts[0m:[0m[33m34[0m:[0m[33m71[0m

[0m[1mTS7006 [0m[ERROR]: Parameter 'data' implicitly has an 'any' type.
}).refine((data) => Object.keys(data).some((k) => k !== "id"), {
[0m[31m           ~~~~[0m
    at [0m[36mfile:///Users/kimi/Library/Mobile%20Documents/com~apple~CloudDocs/%E5%92%96%E5%95%A1%E8%A8%82%E8%B3%BC/supabase/functions/coffee-api/schemas/settings.ts[0m:[0m[33m94[0m:[0m[33m12[0m

[0m[1mTS7006 [0m[ERROR]: Parameter 'data' implicitly has an 'any' type.
}).refine((data) => Object.keys(data).some((k) => k !== "id"), {
[0m[31m           ~~~~[0m
    at [0m[36mfile:///Users/kimi/Library/Mobile%20Documents/com~apple~CloudDocs/%E5%92%96%E5%95%A1%E8%A8%82%E8%B3%BC/supabase/functions/coffee-api/schemas/settings.ts[0m:[0m[33m116[0m:[0m[33m12[0m

[0m[1mTS18046 [0m[ERROR]: 'error' is of type 'unknown'.
      const issues = error.issues.map((i: z.ZodIssue) =>
[0m[31m                     ~~~~~[0m
    at [0m[36mfile:///Users/kimi/Library/Mobile%20Documents/com~apple~CloudDocs/%E5%92%96%E5%95%A1%E8%A8%82%E8%B3%BC/supabase/functions/coffee-api/utils/validate.ts[0m:[0m[33m11[0m:[0m[33m22[0m

Found 17 errors.

[0m[1m[31merror[0m: Type checking failed.
